<?xml version="1.0" encoding="UTF-8"?>
<!-- Generated by org.testng.reporters.JUnitReportReporter -->
<testsuite ignored="0" hostname="Anagha_Arjun" failures="0" tests="1" name="basics.SoftAssertAsgmnt" time="3.569" errors="0" timestamp="03 Jan 2025 14:44:55 GMT" skipped="0">
  <testcase classname="basics.SoftAssertAsgmnt" name="verifyButtonEnableButtonText" time="3.569"/>
</testsuite> <!-- basics.SoftAssertAsgmnt -->
