<?xml version="1.0" encoding="UTF-8"?>
<!-- Generated by org.testng.reporters.JUnitReportReporter -->
<testsuite ignored="0" hostname="Anagha_Arjun" failures="0" tests="1" name="basics.SoftAssertExample" time="3.151" errors="0" timestamp="01 Jan 2025 15:26:00 GMT" skipped="0">
  <testcase classname="basics.SoftAssertExample" name="verifyShowSelectedButton" time="3.151"/>
</testsuite> <!-- basics.SoftAssertExample -->
