<?xml version="1.0" encoding="UTF-8"?>
<!-- Generated by org.testng.reporters.JUnitReportReporter -->
<testsuite ignored="0" hostname="Anagha_Arjun" failures="0" tests="4" name="basics.DynamicPaginationTable" time="17.149" errors="1" timestamp="05 Jan 2025 12:48:42 GMT" skipped="0">
  <testcase classname="basics.DynamicPaginationTable" name="getAllNames" time="4.269"/>
  <testcase classname="basics.DynamicPaginationTable" name="getTbleHeadings" time="3.870"/>
  <testcase classname="basics.DynamicPaginationTable" name="getAllDetails" time="5.285">
    <error message="Unresolved compilation problem: 
	Syntax error, insert &quot;}&quot; to complete Block
" type="java.lang.Error">
      <![CDATA[java.lang.Error: Unresolved compilation problem: 
	Syntax error, insert "}" to complete Block

	at basics.DynamicPaginationTable.getAllDetails(DynamicPaginationTable.java:57)
	at java.base/jdk.internal.reflect.DirectMethodHandleAccessor.invoke(DirectMethodHandleAccessor.java:103)
	at java.base/java.lang.reflect.Method.invoke(Method.java:580)
	at org.testng.internal.MethodInvocationHelper.invokeMethod(MethodInvocationHelper.java:104)
	at org.testng.internal.Invoker.invokeMethod(Invoker.java:645)
	at org.testng.internal.Invoker.invokeTestMethod(Invoker.java:851)
	at org.testng.internal.Invoker.invokeTestMethods(Invoker.java:1177)
	at org.testng.internal.TestMethodWorker.invokeTestMethods(TestMethodWorker.java:129)
	at org.testng.internal.TestMethodWorker.run(TestMethodWorker.java:112)
	at org.testng.TestRunner.privateRun(TestRunner.java:756)
	at org.testng.TestRunner.run(TestRunner.java:610)
	at org.testng.SuiteRunner.runTest(SuiteRunner.java:387)
	at org.testng.SuiteRunner.runSequentially(SuiteRunner.java:382)
	at org.testng.SuiteRunner.privateRun(SuiteRunner.java:340)
	at org.testng.SuiteRunner.run(SuiteRunner.java:289)
	at org.testng.SuiteRunnerWorker.runSuite(SuiteRunnerWorker.java:52)
	at org.testng.SuiteRunnerWorker.run(SuiteRunnerWorker.java:86)
	at org.testng.TestNG.runSuitesSequentially(TestNG.java:1293)
	at org.testng.TestNG.runSuitesLocally(TestNG.java:1218)
	at org.testng.TestNG.runSuites(TestNG.java:1133)
	at org.testng.TestNG.run(TestNG.java:1104)
	at org.testng.remote.AbstractRemoteTestNG.run(AbstractRemoteTestNG.java:115)
	at org.testng.remote.RemoteTestNG.initAndRun(RemoteTestNG.java:293)
	at org.testng.remote.RemoteTestNG.main(RemoteTestNG.java:91)
]]>
    </error>
  </testcase> <!-- getAllDetails -->
  <testcase classname="basics.DynamicPaginationTable" name="getCedricPosition" time="3.725"/>
</testsuite> <!-- basics.DynamicPaginationTable -->
