<?xml version="1.0" encoding="UTF-8"?>
<!-- Generated by org.testng.reporters.JUnitReportReporter -->
<testsuite ignored="0" hostname="Anagha_Arjun" failures="0" tests="1" name="basics.TestNgTooltipAsgmnt" time="3.219" errors="0" timestamp="03 Jan 2025 13:53:03 GMT" skipped="0">
  <testcase classname="basics.TestNgTooltipAsgmnt" name="verifToolTip" time="3.219"/>
</testsuite> <!-- basics.TestNgTooltipAsgmnt -->
