<?xml version="1.0" encoding="UTF-8"?>
<!-- Generated by org.testng.reporters.JUnitReportReporter -->
<testsuite ignored="0" hostname="Anagha_Arjun" failures="0" tests="2" name="basics.DataProviderAsgmnt" time="9.496" errors="0" timestamp="03 Jan 2025 15:04:18 GMT" skipped="0">
  <testcase classname="basics.DataProviderAsgmnt" name="formSubmission" time="5.493"/>
  <testcase classname="basics.DataProviderAsgmnt" name="formSubmission" time="4.003"/>
</testsuite> <!-- basics.DataProviderAsgmnt -->
