<?xml version="1.0" encoding="UTF-8"?>
<!-- Generated by org.testng.reporters.JUnitReportReporter -->
<testsuite ignored="0" hostname="Anagha_Arjun" failures="0" tests="2" name="testng_Basics.AnnotationExample" time="0.013" errors="0" timestamp="31 Dec 2024 15:28:38 GMT" skipped="0">
  <testcase classname="testng_Basics.AnnotationExample" name="testcase2" time="0.004"/>
  <testcase classname="testng_Basics.AnnotationExample" name="testcase1" time="0.009"/>
</testsuite> <!-- testng_Basics.AnnotationExample -->
